<?xml version="1.0" encoding="UTF-8"?>
<testng-results ignored="0" total="1" passed="1" failed="0" skipped="0">
  <reporter-output>
  </reporter-output>
  <suite started-at="2024-11-14T18:52:12 IST" name="Default suite" finished-at="2024-11-14T18:54:10 IST" duration-ms="118014">
    <groups>
      <group name="cucumber">
        <method signature="TestNGTestRunner.runScenario(io.cucumber.testng.PickleWrapper,io.cucumber.testng.FeatureWrapper)[pri:0, instance:TestNGRunner.TestNGTestRunner@1f9e9475]" name="runScenario" class="TestNGRunner.TestNGTestRunner"/>
      </group> <!-- cucumber -->
    </groups>
    <test started-at="2024-11-14T18:52:12 IST" name="Default test" finished-at="2024-11-14T18:54:10 IST" duration-ms="118014">
      <class name="TestNGRunner.TestNGTestRunner">
        <test-method is-config="true" signature="beforeheTestBegins()[pri:0, instance:TestNGRunner.TestNGTestRunner@1f9e9475]" started-at="2024-11-14T18:52:13 IST" name="beforeheTestBegins" finished-at="2024-11-14T18:52:25 IST" duration-ms="12894" status="PASS">
          <reporter-output>
          </reporter-output>
        </test-method> <!-- beforeheTestBegins -->
        <test-method is-config="true" signature="setUpClass(org.testng.ITestContext)[pri:0, instance:TestNGRunner.TestNGTestRunner@1f9e9475]" started-at="2024-11-14T18:52:25 IST" name="setUpClass" finished-at="2024-11-14T18:52:26 IST" duration-ms="347" status="PASS">
          <params>
            <param index="0">
              <value>
                <![CDATA[org.testng.TestRunner@49e4c2d5]]>
              </value>
            </param>
          </params>
          <reporter-output>
          </reporter-output>
        </test-method> <!-- setUpClass -->
        <test-method is-config="true" signature="beforetheFirstMethod(java.lang.reflect.Method)[pri:0, instance:TestNGRunner.TestNGTestRunner@1f9e9475]" started-at="2024-11-14T18:52:26 IST" name="beforetheFirstMethod" finished-at="2024-11-14T18:52:26 IST" duration-ms="7" status="PASS">
          <params>
            <param index="0">
              <value>
                <![CDATA[public void TestNGRunner.TestNGTestRunner.runScenario(io.cucumber.testng.PickleWrapper,io.cucumber.testng.FeatureWrapper)]]>
              </value>
            </param>
          </params>
          <reporter-output>
          </reporter-output>
        </test-method> <!-- beforetheFirstMethod -->
        <test-method signature="runScenario(io.cucumber.testng.PickleWrapper,io.cucumber.testng.FeatureWrapper)[pri:0, instance:TestNGRunner.TestNGTestRunner@1f9e9475]" started-at="2024-11-14T18:52:26 IST" name="runScenario" description="Run cucumber scenarios" data-provider="scenarios" finished-at="2024-11-14T18:54:08 IST" duration-ms="102289" status="PASS">
          <params>
            <param index="0">
              <value>
                <![CDATA["Launching and searching for a value"]]>
              </value>
            </param>
            <param index="1">
              <value>
                <![CDATA["Youtube"]]>
              </value>
            </param>
          </params>
          <reporter-output>
          </reporter-output>
        </test-method> <!-- runScenario -->
        <test-method is-config="true" signature="AfterTheMethodCompletes(org.testng.ITestResult)[pri:0, instance:TestNGRunner.TestNGTestRunner@1f9e9475]" started-at="2024-11-14T18:54:08 IST" name="AfterTheMethodCompletes" finished-at="2024-11-14T18:54:08 IST" duration-ms="5" status="PASS">
          <params>
            <param index="0">
              <value>
                <![CDATA[[TestResult name=runScenario status=SUCCESS method=TestNGTestRunner.runScenario(io.cucumber.testng.PickleWrapper,io.cucumber.testng.FeatureWrapper)[pri:0, instance:TestNGRunner.TestNGTestRunner@1f9e9475] output={null}]]]>
              </value>
            </param>
          </params>
          <reporter-output>
          </reporter-output>
        </test-method> <!-- AfterTheMethodCompletes -->
        <test-method is-config="true" signature="tearDownClass()[pri:0, instance:TestNGRunner.TestNGTestRunner@1f9e9475]" started-at="2024-11-14T18:54:08 IST" name="tearDownClass" finished-at="2024-11-14T18:54:10 IST" duration-ms="2154" status="PASS">
          <reporter-output>
          </reporter-output>
        </test-method> <!-- tearDownClass -->
        <test-method is-config="true" signature="afterTestCompletes()[pri:0, instance:TestNGRunner.TestNGTestRunner@1f9e9475]" started-at="2024-11-14T18:54:10 IST" name="afterTestCompletes" finished-at="2024-11-14T18:54:10 IST" duration-ms="223" status="PASS">
          <reporter-output>
          </reporter-output>
        </test-method> <!-- afterTestCompletes -->
      </class> <!-- TestNGRunner.TestNGTestRunner -->
    </test> <!-- Default test -->
  </suite> <!-- Default suite -->
</testng-results>
